<?xml version="1.0" encoding="UTF-8"?>
<testsuites>
    <testsuite name="nanny-state;nanny-state,-hansa-store-balance" tests="7" failures="1" skipped="1">
        <properties>
            <property name="URI" value="C:\Projects\systembolaget-assignment\features\[4]nanny_state.feature">
            </property>
        </properties>
        <testcase name="Given that web page is loaded" classname="nanny-state;nanny-state,-hansa-store-balance" time="6.322623624">
        </testcase>
        <testcase name="When I enter &apos;Nanny state&apos; in the search field" classname="nanny-state;nanny-state,-hansa-store-balance" time="0.513174609">
        </testcase>
        <testcase name="And I click on search" classname="nanny-state;nanny-state,-hansa-store-balance" time="1.678731469">
        </testcase>
        <testcase name="And I put one in shopping cart" classname="nanny-state;nanny-state,-hansa-store-balance" time="1.074222912">
        </testcase>
        <testcase name="And I go to my shopping cart" classname="nanny-state;nanny-state,-hansa-store-balance" time="1.820536656">
        </testcase>
        <testcase name="And I search and select store &apos;Hansa&apos;" classname="nanny-state;nanny-state,-hansa-store-balance" time="1.11231627">
            <failure message="NoSuchElementError: no such element: Unable to locate element: {&quot;method&quot;:&quot;css selector&quot;,&quot;selector&quot;:&quot;*[id=&quot;\#typeahead-15-6596-option-0&quot;]&quot;}">NoSuchElementError: no such element: Unable to locate element: {&quot;method&quot;:&quot;css selector&quot;,&quot;selector&quot;:&quot;*[id=&quot;\#typeahead-15-6596-option-0&quot;]&quot;}
  (Session info: chrome=74.0.3729.169)
  (Driver info: chromedriver=2.46.628402 (536cd7adbad73a3783fdc2cab92ab2ba7ec361e1),platform=Windows NT 10.0.17134 x86_64)
    at Object.checkLegacyResponse (C:\Projects\systembolaget-assignment\node_modules\selenium-cucumber-js\node_modules\selenium-webdriver\lib\error.js:529:15)
    at parseHttpResponse (C:\Projects\systembolaget-assignment\node_modules\selenium-cucumber-js\node_modules\selenium-webdriver\lib\http.js:509:13)
    at doSend.then.response (C:\Projects\systembolaget-assignment\node_modules\selenium-cucumber-js\node_modules\selenium-webdriver\lib\http.js:441:30)
    at process._tickCallback (internal/process/next_tick.js:68:7)
From: Task: WebDriver.findElement(By(css selector, *[id=&quot;\#typeahead-15-6596-option-0&quot;]))
    at thenableWebDriverProxy.schedule (C:\Projects\systembolaget-assignment\node_modules\selenium-cucumber-js\node_modules\selenium-webdriver\lib\webdriver.js:807:17)
    at thenableWebDriverProxy.findElement (C:\Projects\systembolaget-assignment\node_modules\selenium-cucumber-js\node_modules\selenium-webdriver\lib\webdriver.js:1014:17)
    at createWorld.&lt;anonymous&gt; (C:\Projects\systembolaget-assignment\step-definitions\[4]nanny_state.js:42:18)
From: Task: WebElement.click()
    at thenableWebDriverProxy.schedule (C:\Projects\systembolaget-assignment\node_modules\selenium-cucumber-js\node_modules\selenium-webdriver\lib\webdriver.js:807:17)
    at WebElementPromise.schedule_ (C:\Projects\systembolaget-assignment\node_modules\selenium-cucumber-js\node_modules\selenium-webdriver\lib\webdriver.js:2015:25)
    at WebElementPromise.click (C:\Projects\systembolaget-assignment\node_modules\selenium-cucumber-js\node_modules\selenium-webdriver\lib\webdriver.js:2096:17)
    at createWorld.&lt;anonymous&gt; (C:\Projects\systembolaget-assignment\step-definitions\[4]nanny_state.js:42:68)</failure>
        </testcase>
        <testcase name="Then the Hansa store balance should be greater than 10" classname="nanny-state;nanny-state,-hansa-store-balance">
            <skipped message="">
            </skipped>
        </testcase>
    </testsuite>
</testsuites>