<?xml version="1.0" encoding="UTF-8"?>
<testsuites>
    <testsuite name="anchor-steam;search-for-anchor-steam-description" tests="5" failures="0" skipped="0">
        <properties>
            <property name="URI" value="C:\Projects\systembolaget-assignment\features\anchor_steam.feature">
            </property>
        </properties>
        <testcase name="Given that web page is loaded" classname="anchor-steam;search-for-anchor-steam-description" time="10.051453709">
        </testcase>
        <testcase name="When I enter &apos;anchor steam&apos; in the search field" classname="anchor-steam;search-for-anchor-steam-description" time="0.545961942">
        </testcase>
        <testcase name="And I click on search" classname="anchor-steam;search-for-anchor-steam-description" time="5.479439508">
        </testcase>
        <testcase name="And I select the search result: anchor steam beer" classname="anchor-steam;search-for-anchor-steam-description" time="3.155034693">
        </testcase>
        <testcase name="Then the product description should contain the specific text we want" classname="anchor-steam;search-for-anchor-steam-description" time="0.255733118">
        </testcase>
    </testsuite>
</testsuites>