<?xml version="1.0" encoding="UTF-8"?>
<testsuites>
    <testsuite name="burlovs-centrum-opening-hours;confirm-that-burlovs-centrum-has-closed-on-kristi-himmelfärd" tests="6" failures="0" skipped="0">
        <properties>
            <property name="URI" value="C:\Projects\systembolaget-assignment\features\[3]burlov_centrum.feature">
            </property>
        </properties>
        <testcase name="Given that web page is loaded" classname="burlovs-centrum-opening-hours;confirm-that-burlovs-centrum-has-closed-on-kristi-himmelfärd" time="6.44982373">
        </testcase>
        <testcase name="When I click on &apos;Våra öppettider&apos;" classname="burlovs-centrum-opening-hours;confirm-that-burlovs-centrum-has-closed-on-kristi-himmelfärd" time="1.432721797">
        </testcase>
        <testcase name="And I click on &apos;Skåne län&apos;" classname="burlovs-centrum-opening-hours;confirm-that-burlovs-centrum-has-closed-on-kristi-himmelfärd" time="0.603327544">
        </testcase>
        <testcase name="And I click on &apos;Burlövs Centrum&apos;" classname="burlovs-centrum-opening-hours;confirm-that-burlovs-centrum-has-closed-on-kristi-himmelfärd" time="1.856166726">
        </testcase>
        <testcase name="And I click on &apos;Visa fler&apos;" classname="burlovs-centrum-opening-hours;confirm-that-burlovs-centrum-has-closed-on-kristi-himmelfärd" time="1.087065575">
        </testcase>
        <testcase name="Then It should show that it is closed on Kristi himmelfärd" classname="burlovs-centrum-opening-hours;confirm-that-burlovs-centrum-has-closed-on-kristi-himmelfärd" time="0.055331256">
        </testcase>
    </testsuite>
</testsuites>