<?xml version="1.0" encoding="UTF-8"?>
<testsuites>
    <testsuite name="burlovs-centrum-opening-hours;confirm-that-burlovs-centrum-has-closed-on-kristi-himmelfärd" tests="6" failures="0" skipped="4">
        <properties>
            <property name="URI" value="C:\Projects\systembolaget-assignment\features\burlov_centrum.feature">
            </property>
        </properties>
        <testcase name="Given that web page is loaded" classname="burlovs-centrum-opening-hours;confirm-that-burlovs-centrum-has-closed-on-kristi-himmelfärd" time="8.977269482">
        </testcase>
        <testcase name="When I click on &apos;Våra öppettider&apos;" classname="burlovs-centrum-opening-hours;confirm-that-burlovs-centrum-has-closed-on-kristi-himmelfärd" time="1.850582513">
        </testcase>
        <testcase name="And I click on &apos;Skåne län&apos;" classname="burlovs-centrum-opening-hours;confirm-that-burlovs-centrum-has-closed-on-kristi-himmelfärd">
            <skipped message="">
            </skipped>
        </testcase>
        <testcase name="And I click on &apos;Burlövs Centrum&apos;" classname="burlovs-centrum-opening-hours;confirm-that-burlovs-centrum-has-closed-on-kristi-himmelfärd">
            <skipped message="">
            </skipped>
        </testcase>
        <testcase name="And I click on &apos;Visa fler&apos;" classname="burlovs-centrum-opening-hours;confirm-that-burlovs-centrum-has-closed-on-kristi-himmelfärd">
            <skipped message="">
            </skipped>
        </testcase>
        <testcase name="Then It should show that it is closed on Kristi himmelfärd" classname="burlovs-centrum-opening-hours;confirm-that-burlovs-centrum-has-closed-on-kristi-himmelfärd">
            <skipped message="">
            </skipped>
        </testcase>
    </testsuite>
</testsuites>