<?xml version="1.0" encoding="UTF-8"?>
<testsuites>
    <testsuite name="nanny-state;nanny-state,-hansa-store-balance" tests="7" failures="0" skipped="0">
        <properties>
            <property name="URI" value="C:\Projects\systembolaget-assignment\features\[4]nanny_state.feature">
            </property>
        </properties>
        <testcase name="Given that web page is loaded" classname="nanny-state;nanny-state,-hansa-store-balance" time="8.409787617">
        </testcase>
        <testcase name="When I enter &apos;Nanny state&apos; in the search field" classname="nanny-state;nanny-state,-hansa-store-balance" time="0.541665126">
        </testcase>
        <testcase name="And I click on search" classname="nanny-state;nanny-state,-hansa-store-balance" time="2.932234543">
        </testcase>
        <testcase name="And I put one in shopping cart" classname="nanny-state;nanny-state,-hansa-store-balance" time="1.147459371">
        </testcase>
        <testcase name="And I go to my shopping cart" classname="nanny-state;nanny-state,-hansa-store-balance" time="2.60409725">
        </testcase>
        <testcase name="And I search and select store &apos;Hansa&apos;" classname="nanny-state;nanny-state,-hansa-store-balance" time="1.146608883">
        </testcase>
        <testcase name="Then the Hansa store balance should be greater than 10" classname="nanny-state;nanny-state,-hansa-store-balance" time="0.603316166">
        </testcase>
    </testsuite>
</testsuites>