<?xml version="1.0" encoding="UTF-8"?>
<testsuites>
    <testsuite name="ballast;report-how-many-articles-appear-when-searching-on-ballast" tests="6" failures="0" skipped="0">
        <properties>
            <property name="URI" value="C:\Projects\systembolaget-assignment\features\ballast.feature">
            </property>
        </properties>
        <testcase name="Given that web page is loaded" classname="ballast;report-how-many-articles-appear-when-searching-on-ballast" time="6.440084355">
        </testcase>
        <testcase name="When I enter &apos;ballast&apos; in the search field" classname="ballast;report-how-many-articles-appear-when-searching-on-ballast" time="0.515566787">
        </testcase>
        <testcase name="And I click on search" classname="ballast;report-how-many-articles-appear-when-searching-on-ballast" time="2.467794355">
        </testcase>
        <testcase name="Then it should show how many articles there is in the assortment based on the search" classname="ballast;report-how-many-articles-appear-when-searching-on-ballast" time="0.040869535">
        </testcase>
        <testcase name="And it should show how many articles there is at retailers based on the search" classname="ballast;report-how-many-articles-appear-when-searching-on-ballast" time="0.788196469">
        </testcase>
        <testcase name="And it should report the quantities back to me" classname="ballast;report-how-many-articles-appear-when-searching-on-ballast" time="0.000064284">
        </testcase>
    </testsuite>
</testsuites>