<?xml version="1.0" encoding="UTF-8"?>
<testsuites>
    <testsuite name="ballast;report-how-many-articles-appear-when-searching-on-ballast" tests="6" failures="0" skipped="3">
        <properties>
            <property name="URI" value="C:\Users\Tomas\Documents\systembolaget-assignment\features\ballast.feature">
            </property>
        </properties>
        <testcase name="Given that web page is loaded" classname="ballast;report-how-many-articles-appear-when-searching-on-ballast" time="6.398329728">
        </testcase>
        <testcase name="When I enter &apos;ballast&apos; in the search field" classname="ballast;report-how-many-articles-appear-when-searching-on-ballast" time="0.513161752">
        </testcase>
        <testcase name="And I click on search" classname="ballast;report-how-many-articles-appear-when-searching-on-ballast" time="1.842293818">
        </testcase>
        <testcase name="Then it should show how many articles there is in the sortiment based on the search" classname="ballast;report-how-many-articles-appear-when-searching-on-ballast">
            <skipped message="">
            </skipped>
        </testcase>
        <testcase name="And it should show how many articles there is at retailers based on the search" classname="ballast;report-how-many-articles-appear-when-searching-on-ballast">
            <skipped message="">
            </skipped>
        </testcase>
        <testcase name="And it should report the quantities back to me" classname="ballast;report-how-many-articles-appear-when-searching-on-ballast">
            <skipped message="">
            </skipped>
        </testcase>
    </testsuite>
</testsuites>