<?xml version="1.0" encoding="UTF-8"?>
<testsuites>
    <testsuite>
    </testsuite>
</testsuites>